<?xml version="1.0" encoding="UTF-8"?>
<testsuite xmlns:xsi="http://www.w3.org/2001/XMLSchema-instance" xsi:noNamespaceSchemaLocation="https://maven.apache.org/surefire/maven-surefire-plugin/xsd/surefire-test-report-3.0.xsd" version="3.0" name="com.aula.spring.springboot.SpringbootApplicationTests" time="11.111" tests="1" errors="0" skipped="0" failures="0">
  <properties>
[...]
</properties>
  <testcase name="contextLoads" classname="com.aula.spring.springboot.SpringbootApplicationTests" time="0.908">
    <system-out><![CDATA[23:50:19.620 [main] INFO org.springframework.test.context.support.AnnotationConfigContextLoaderUtils -- Could not detect default configuration classes for test class [com.aula.spring.springboot.SpringbootApplicationTests]: SpringbootApplicationTests does not declare any static, non-private, non-final, nested classes annotated with @Configuration.
23:50:19.839 [main] INFO org.springframework.boot.test.context.SpringBootTestContextBootstrapper -- Found @SpringBootConfiguration com.aula.spring.springboot.SpringbootApplication for test class com.aula.spring.springboot.SpringbootApplicationTests

  .   ____          _            __ _ _
 /\\ / ___'_ __ _ _(_)_ __  __ _ \ \ \ \
( ( )\___ | '_ | '_| | '_ \/ _` | \ \ \ \
 \\/  ___)| |_)| | | | | || (_| |  ) ) ) )
  '  |____| .__|_| |_|_| |_\__, | / / / /
 =========|_|==============|___/=/_/_/_/

 :: Spring Boot ::                (v3.3.1)

2024-07-12T23:50:20.753Z  INFO 203 --- [springboot] [           main] c.a.s.s.SpringbootApplicationTests       : Starting SpringbootApplicationTests using Java 17.0.5 with PID 203 (started by runner in /home/runner/ProjetoSpringboot)
2024-07-12T23:50:20.758Z  INFO 203 --- [springboot] [           main] c.a.s.s.SpringbootApplicationTests       : The following 1 profile is active: "test"
2024-07-12T23:50:22.501Z  INFO 203 --- [springboot] [           main] .s.d.r.c.RepositoryConfigurationDelegate : Bootstrapping Spring Data JPA repositories in DEFAULT mode.
2024-07-12T23:50:22.722Z  INFO 203 --- [springboot] [           main] .s.d.r.c.RepositoryConfigurationDelegate : Finished Spring Data repository scanning in 213 ms. Found 1 JPA repository interface.
2024-07-12T23:50:23.705Z  INFO 203 --- [springboot] [           main] com.zaxxer.hikari.HikariDataSource       : HikariPool-1 - Starting...
2024-07-12T23:50:24.122Z  INFO 203 --- [springboot] [           main] com.zaxxer.hikari.pool.HikariPool        : HikariPool-1 - Added connection conn0: url=jdbc:h2:mem:testdb user=SA
2024-07-12T23:50:24.124Z  INFO 203 --- [springboot] [           main] com.zaxxer.hikari.HikariDataSource       : HikariPool-1 - Start completed.
2024-07-12T23:50:24.219Z  INFO 203 --- [springboot] [           main] o.hibernate.jpa.internal.util.LogHelper  : HHH000204: Processing PersistenceUnitInfo [name: default]
2024-07-12T23:50:24.339Z  INFO 203 --- [springboot] [           main] org.hibernate.Version                    : HHH000412: Hibernate ORM core version 6.5.2.Final
2024-07-12T23:50:24.365Z  INFO 203 --- [springboot] [           main] o.h.c.internal.RegionFactoryInitiator    : HHH000026: Second-level cache disabled
2024-07-12T23:50:25.038Z  INFO 203 --- [springboot] [           main] o.s.o.j.p.SpringPersistenceUnitInfo      : No LoadTimeWeaver setup: ignoring JPA class transformer
2024-07-12T23:50:27.253Z  INFO 203 --- [springboot] [           main] o.h.e.t.j.p.i.JtaPlatformInitiator       : HHH000489: No JTA platform available (set 'hibernate.transaction.jta.platform' to enable JTA platform integration)
Hibernate: 
    drop table if exists usuario cascade 
Hibernate: 
    create table usuario (
        id integer generated by default as identity,
        email varchar(255),
        nome varchar(255),
        senha varchar(255),
        primary key (id)
    )
2024-07-12T23:50:27.326Z  INFO 203 --- [springboot] [           main] j.LocalContainerEntityManagerFactoryBean : Initialized JPA EntityManagerFactory for persistence unit 'default'
2024-07-12T23:50:29.240Z  INFO 203 --- [springboot] [           main] o.s.b.a.h2.H2ConsoleAutoConfiguration    : H2 console available at '/h2-console'. Database available at 'jdbc:h2:mem:testdb'
2024-07-12T23:50:29.403Z  INFO 203 --- [springboot] [           main] c.a.s.s.SpringbootApplicationTests       : Started SpringbootApplicationTests in 9.262 seconds (process running for 11.288)
]]></system-out>
  </testcase>
</testsuite>